<?xml version="1.0" encoding="UTF-8"?>
<!-- Generated by org.testng.reporters.JUnitReportReporter -->
<testsuite hostname="DESKTOP-3Q225KI" failures="0" tests="1" name="mpack.demo" time="0.013" errors="0" timestamp="2022-10-06T17:35:37 IST" skipped="0">
  <testcase classname="mpack.demo" name="sample" time="0.013"/>
  <system-out/>
</testsuite> <!-- mpack.demo -->
